# JRE version: OpenJDK Runtime Environment (17.0.7) (build 17.0.7+0-b2043.56-10550314)
# Java VM: OpenJDK 64-Bit Server VM (17.0.7+0-b2043.56-10550314, mixed mode, tiered, compressed oops, compressed class ptrs, g1 gc, windows-amd64)
GC Precious Log:
 CPUs: 20 total, 20 available
 Memory: 16003M
 Large Page Support: Disabled
 NUMA Support: Disabled
 Compressed Oops: Enabled (32-bit)
 Heap Region Size: 1M
 Heap Min Capacity: 8M
 Heap Initial Capacity: 252M
 Heap Max Capacity: 2G
 Pre-touch: Disabled
 Parallel Workers: 15
 Concurrent Workers: 4
 Concurrent Refinement Workers: 15
 Periodic GC: Disabled
Heap:
 garbage-first heap   total 339968K, used 201027K [0x0000000080000000, 0x0000000100000000)
  region size 1024K, 6 young (6144K), 6 survivors (6144K)
 Metaspace       used 107847K, committed 108736K, reserved 1179648K
  class space    used 14980K, committed 15424K, reserved 1048576K
GC Heap History (20 events):
Event: 849.647 GC heap after
{Heap after GC invocations=50 (full 0):
 garbage-first heap   total 223232K, used 147599K [0x0000000080000000, 0x0000000100000000)
  region size 1024K, 1 young (1024K), 1 survivors (1024K)
 Metaspace       used 103961K, committed 104896K, reserved 1179648K
  class space    used 14472K, committed 14912K, reserved 1048576K
}
Event: 849.893 GC heap before
{Heap before GC invocations=50 (full 0):
 garbage-first heap   total 223232K, used 166031K [0x0000000080000000, 0x0000000100000000)
  region size 1024K, 20 young (20480K), 1 survivors (1024K)
 Metaspace       used 104962K, committed 105856K, reserved 1179648K
  class space    used 14589K, committed 15040K, reserved 1048576K
}
Event: 849.895 GC heap after
{Heap after GC invocations=51 (full 0):
 garbage-first heap   total 223232K, used 149771K [0x0000000080000000, 0x0000000100000000)
  region size 1024K, 3 young (3072K), 3 survivors (3072K)
 Metaspace       used 104962K, committed 105856K, reserved 1179648K
  class space    used 14589K, committed 15040K, reserved 1048576K
}
Event: 850.230 GC heap before
{Heap before GC invocations=52 (full 0):
 garbage-first heap   total 268288K, used 205067K [0x0000000080000000, 0x0000000100000000)
  region size 1024K, 37 young (37888K), 3 survivors (3072K)
 Metaspace       used 106848K, committed 107776K, reserved 1179648K
  class space    used 14846K, committed 15296K, reserved 1048576K
}
Event: 850.234 GC heap after
{Heap after GC invocations=53 (full 0):
 garbage-first heap   total 268288K, used 177886K [0x0000000080000000, 0x0000000100000000)
  region size 1024K, 5 young (5120K), 5 survivors (5120K)
 Metaspace       used 106848K, committed 107776K, reserved 1179648K
  class space    used 14846K, committed 15296K, reserved 1048576K
}
Event: 850.341 GC heap before
{Heap before GC invocations=53 (full 0):
 garbage-first heap   total 268288K, used 186078K [0x0000000080000000, 0x0000000100000000)
  region size 1024K, 13 young (13312K), 5 survivors (5120K)
 Metaspace       used 107230K, committed 108160K, reserved 1179648K
  class space    used 14905K, committed 15360K, reserved 1048576K
}
Event: 850.345 GC heap after
{Heap after GC invocations=54 (full 0):
 garbage-first heap   total 268288K, used 176547K [0x0000000080000000, 0x0000000100000000)
  region size 1024K, 1 young (1024K), 1 survivors (1024K)
 Metaspace       used 107230K, committed 108160K, reserved 1179648K
  class space    used 14905K, committed 15360K, reserved 1048576K
}
Event: 850.515 GC heap before
{Heap before GC invocations=54 (full 0):
 garbage-first heap   total 268288K, used 189859K [0x0000000080000000, 0x0000000100000000)
  region size 1024K, 15 young (15360K), 1 survivors (1024K)
 Metaspace       used 107835K, committed 108736K, reserved 1179648K
  class space    used 14980K, committed 15424K, reserved 1048576K
}
Event: 850.517 GC heap after
{Heap after GC invocations=55 (full 0):
 garbage-first heap   total 268288K, used 177126K [0x0000000080000000, 0x0000000100000000)
  region size 1024K, 2 young (2048K), 2 survivors (2048K)
 Metaspace       used 107835K, committed 108736K, reserved 1179648K
  class space    used 14980K, committed 15424K, reserved 1048576K
}
Event: 850.627 GC heap before
{Heap before GC invocations=56 (full 0):
 garbage-first heap   total 322560K, used 221158K [0x0000000080000000, 0x0000000100000000)
  region size 1024K, 42 young (43008K), 2 survivors (2048K)
 Metaspace       used 107835K, committed 108736K, reserved 1179648K
  class space    used 14980K, committed 15424K, reserved 1048576K
}
Event: 850.633 GC heap after
{Heap after GC invocations=57 (full 0):
 garbage-first heap   total 322560K, used 194910K [0x0000000080000000, 0x0000000100000000)
  region size 1024K, 6 young (6144K), 6 survivors (6144K)
 Metaspace       used 107835K, committed 108736K, reserved 1179648K
  class space    used 14980K, committed 15424K, reserved 1048576K
}
Event: 850.720 GC heap before
{Heap before GC invocations=57 (full 0):
 garbage-first heap   total 322560K, used 204126K [0x0000000080000000, 0x0000000100000000)
  region size 1024K, 15 young (15360K), 6 survivors (6144K)
 Metaspace       used 107835K, committed 108736K, reserved 1179648K
  class space    used 14980K, committed 15424K, reserved 1048576K
}
Event: 850.724 GC heap after
{Heap after GC invocations=58 (full 0):
 garbage-first heap   total 322560K, used 195324K [0x0000000080000000, 0x0000000100000000)
  region size 1024K, 2 young (2048K), 2 survivors (2048K)
 Metaspace       used 107835K, committed 108736K, reserved 1179648K
  class space    used 14980K, committed 15424K, reserved 1048576K
}
Event: 851.206 GC heap before
{Heap before GC invocations=58 (full 0):
 garbage-first heap   total 322560K, used 247548K [0x0000000080000000, 0x0000000100000000)
  region size 1024K, 53 young (54272K), 2 survivors (2048K)
 Metaspace       used 107846K, committed 108736K, reserved 1179648K
  class space    used 14980K, committed 15424K, reserved 1048576K
}
Event: 851.209 GC heap after
{Heap after GC invocations=59 (full 0):
 garbage-first heap   total 322560K, used 198199K [0x0000000080000000, 0x0000000100000000)
  region size 1024K, 5 young (5120K), 5 survivors (5120K)
 Metaspace       used 107846K, committed 108736K, reserved 1179648K
  class space    used 14980K, committed 15424K, reserved 1048576K
}
Event: 851.565 GC heap before
{Heap before GC invocations=60 (full 0):
 garbage-first heap   total 339968K, used 252471K [0x0000000080000000, 0x0000000100000000)
  region size 1024K, 58 young (59392K), 5 survivors (5120K)
 Metaspace       used 107846K, committed 108736K, reserved 1179648K
  class space    used 14980K, committed 15424K, reserved 1048576K
}
Event: 851.569 GC heap after
{Heap after GC invocations=61 (full 0):
 garbage-first heap   total 339968K, used 199752K [0x0000000080000000, 0x0000000100000000)
  region size 1024K, 6 young (6144K), 6 survivors (6144K)
 Metaspace       used 107846K, committed 108736K, reserved 1179648K
  class space    used 14980K, committed 15424K, reserved 1048576K
}
Event: 851.633 GC heap before
{Heap before GC invocations=61 (full 0):
 garbage-first heap   total 339968K, used 209992K [0x0000000080000000, 0x0000000100000000)
  region size 1024K, 16 young (16384K), 6 survivors (6144K)
 Metaspace       used 107846K, committed 108736K, reserved 1179648K
  class space    used 14980K, committed 15424K, reserved 1048576K
}
Event: 851.637 GC heap after
{Heap after GC invocations=62 (full 0):
 garbage-first heap   total 339968K, used 197775K [0x0000000080000000, 0x0000000100000000)
  region size 1024K, 2 young (2048K), 2 survivors (2048K)
 Metaspace       used 107846K, committed 108736K, reserved 1179648K
  class space    used 14980K, committed 15424K, reserved 1048576K
}
Event: 852.743 GC heap before
{Heap before GC invocations=62 (full 0):
 garbage-first heap   total 339968K, used 265359K [0x0000000080000000, 0x0000000100000000)
  region size 1024K, 68 young (69632K), 2 survivors (2048K)
 Metaspace       used 107847K, committed 108736K, reserved 1179648K
  class space    used 14980K, committed 15424K, reserved 1048576K
}

