# JRE version: OpenJDK Runtime Environment (17.0.7) (build 17.0.7+0-b2043.56-10550314)
# Java VM: OpenJDK 64-Bit Server VM (17.0.7+0-b2043.56-10550314, mixed mode, tiered, compressed oops, compressed class ptrs, g1 gc, windows-amd64)
GC Precious Log:
 CPUs: 20 total, 20 available
 Memory: 16003M
 Large Page Support: Disabled
 NUMA Support: Disabled
 Compressed Oops: Enabled (32-bit)
 Heap Region Size: 1M
 Heap Min Capacity: 8M
 Heap Initial Capacity: 252M
 Heap Max Capacity: 2G
 Pre-touch: Disabled
 Parallel Workers: 15
 Concurrent Workers: 4
 Concurrent Refinement Workers: 15
 Periodic GC: Disabled
Heap:
 garbage-first heap   total 268288K, used 176218K [0x0000000080000000, 0x0000000100000000)
  region size 1024K, 20 young (20480K), 2 survivors (2048K)
 Metaspace       used 128008K, committed 129024K, reserved 1179648K
  class space    used 17751K, committed 18240K, reserved 1048576K
GC Heap History (20 events):
Event: 8.555 GC heap before
{Heap before GC invocations=32 (full 0):
 garbage-first heap   total 229376K, used 162643K [0x0000000080000000, 0x0000000100000000)
  region size 1024K, 28 young (28672K), 8 survivors (8192K)
 Metaspace       used 104097K, committed 104896K, reserved 1179648K
  class space    used 14343K, committed 14720K, reserved 1048576K
}
Event: 8.559 GC heap after
{Heap after GC invocations=33 (full 0):
 garbage-first heap   total 229376K, used 124331K [0x0000000080000000, 0x0000000100000000)
  region size 1024K, 2 young (2048K), 2 survivors (2048K)
 Metaspace       used 104097K, committed 104896K, reserved 1179648K
  class space    used 14343K, committed 14720K, reserved 1048576K
}
Event: 293.811 GC heap before
{Heap before GC invocations=33 (full 0):
 garbage-first heap   total 229376K, used 203179K [0x0000000080000000, 0x0000000100000000)
  region size 1024K, 64 young (65536K), 2 survivors (2048K)
 Metaspace       used 105841K, committed 106688K, reserved 1179648K
  class space    used 14566K, committed 14976K, reserved 1048576K
}
Event: 293.813 GC heap after
{Heap after GC invocations=34 (full 0):
 garbage-first heap   total 229376K, used 125495K [0x0000000080000000, 0x0000000100000000)
  region size 1024K, 5 young (5120K), 5 survivors (5120K)
 Metaspace       used 105841K, committed 106688K, reserved 1179648K
  class space    used 14566K, committed 14976K, reserved 1048576K
}
Event: 294.346 GC heap before
{Heap before GC invocations=34 (full 0):
 garbage-first heap   total 229376K, used 187959K [0x0000000080000000, 0x0000000100000000)
  region size 1024K, 67 young (68608K), 5 survivors (5120K)
 Metaspace       used 108385K, committed 109184K, reserved 1179648K
  class space    used 14840K, committed 15232K, reserved 1048576K
}
Event: 294.351 GC heap after
{Heap after GC invocations=35 (full 0):
 garbage-first heap   total 229376K, used 132837K [0x0000000080000000, 0x0000000100000000)
  region size 1024K, 9 young (9216K), 9 survivors (9216K)
 Metaspace       used 108385K, committed 109184K, reserved 1179648K
  class space    used 14840K, committed 15232K, reserved 1048576K
}
Event: 300.854 GC heap before
{Heap before GC invocations=35 (full 0):
 garbage-first heap   total 229376K, used 188133K [0x0000000080000000, 0x0000000100000000)
  region size 1024K, 64 young (65536K), 9 survivors (9216K)
 Metaspace       used 113846K, committed 114816K, reserved 1179648K
  class space    used 15665K, committed 16128K, reserved 1048576K
}
Event: 300.858 GC heap after
{Heap after GC invocations=36 (full 0):
 garbage-first heap   total 229376K, used 135771K [0x0000000080000000, 0x0000000100000000)
  region size 1024K, 4 young (4096K), 4 survivors (4096K)
 Metaspace       used 113846K, committed 114816K, reserved 1179648K
  class space    used 15665K, committed 16128K, reserved 1048576K
}
Event: 300.864 GC heap before
{Heap before GC invocations=36 (full 0):
 garbage-first heap   total 229376K, used 136795K [0x0000000080000000, 0x0000000100000000)
  region size 1024K, 6 young (6144K), 4 survivors (4096K)
 Metaspace       used 113966K, committed 114880K, reserved 1179648K
  class space    used 15683K, committed 16128K, reserved 1048576K
}
Event: 300.867 GC heap after
{Heap after GC invocations=37 (full 0):
 garbage-first heap   total 229376K, used 135370K [0x0000000080000000, 0x0000000100000000)
  region size 1024K, 3 young (3072K), 3 survivors (3072K)
 Metaspace       used 113966K, committed 114880K, reserved 1179648K
  class space    used 15683K, committed 16128K, reserved 1048576K
}
Event: 301.358 GC heap before
{Heap before GC invocations=38 (full 0):
 garbage-first heap   total 230400K, used 191690K [0x0000000080000000, 0x0000000100000000)
  region size 1024K, 59 young (60416K), 3 survivors (3072K)
 Metaspace       used 122219K, committed 123136K, reserved 1179648K
  class space    used 16940K, committed 17344K, reserved 1048576K
}
Event: 301.360 GC heap after
{Heap after GC invocations=39 (full 0):
 garbage-first heap   total 230400K, used 136654K [0x0000000080000000, 0x0000000100000000)
  region size 1024K, 4 young (4096K), 4 survivors (4096K)
 Metaspace       used 122219K, committed 123136K, reserved 1179648K
  class space    used 16940K, committed 17344K, reserved 1048576K
}
Event: 301.448 GC heap before
{Heap before GC invocations=39 (full 0):
 garbage-first heap   total 230400K, used 143822K [0x0000000080000000, 0x0000000100000000)
  region size 1024K, 11 young (11264K), 4 survivors (4096K)
 Metaspace       used 123150K, committed 124032K, reserved 1179648K
  class space    used 17091K, committed 17536K, reserved 1048576K
}
Event: 301.451 GC heap after
{Heap after GC invocations=40 (full 0):
 garbage-first heap   total 230400K, used 129076K [0x0000000080000000, 0x0000000100000000)
  region size 1024K, 1 young (1024K), 1 survivors (1024K)
 Metaspace       used 123150K, committed 124032K, reserved 1179648K
  class space    used 17091K, committed 17536K, reserved 1048576K
}
Event: 393.894 GC heap before
{Heap before GC invocations=40 (full 0):
 garbage-first heap   total 230400K, used 212020K [0x0000000080000000, 0x0000000100000000)
  region size 1024K, 65 young (66560K), 1 survivors (1024K)
 Metaspace       used 126929K, committed 127936K, reserved 1179648K
  class space    used 17684K, committed 18176K, reserved 1048576K
}
Event: 393.897 GC heap after
{Heap after GC invocations=41 (full 0):
 garbage-first heap   total 230400K, used 132132K [0x0000000080000000, 0x0000000100000000)
  region size 1024K, 4 young (4096K), 4 survivors (4096K)
 Metaspace       used 126929K, committed 127936K, reserved 1179648K
  class space    used 17684K, committed 18176K, reserved 1048576K
}
Event: 394.712 GC heap before
{Heap before GC invocations=41 (full 0):
 garbage-first heap   total 230400K, used 193572K [0x0000000080000000, 0x0000000100000000)
  region size 1024K, 65 young (66560K), 4 survivors (4096K)
 Metaspace       used 127514K, committed 128512K, reserved 1179648K
  class space    used 17749K, committed 18240K, reserved 1048576K
}
Event: 394.716 GC heap after
{Heap after GC invocations=42 (full 0):
 garbage-first heap   total 230400K, used 138422K [0x0000000080000000, 0x0000000100000000)
  region size 1024K, 9 young (9216K), 9 survivors (9216K)
 Metaspace       used 127514K, committed 128512K, reserved 1179648K
  class space    used 17749K, committed 18240K, reserved 1048576K
}
Event: 401.064 GC heap before
{Heap before GC invocations=42 (full 0):
 garbage-first heap   total 230400K, used 187574K [0x0000000080000000, 0x0000000100000000)
  region size 1024K, 43 young (44032K), 9 survivors (9216K)
 Metaspace       used 127990K, committed 128960K, reserved 1179648K
  class space    used 17756K, committed 18240K, reserved 1048576K
}
Event: 401.068 GC heap after
{Heap after GC invocations=43 (full 0):
 garbage-first heap   total 230400K, used 156762K [0x0000000080000000, 0x0000000100000000)
  region size 1024K, 2 young (2048K), 2 survivors (2048K)
 Metaspace       used 127990K, committed 128960K, reserved 1179648K
  class space    used 17756K, committed 18240K, reserved 1048576K
}

