# JRE version: OpenJDK Runtime Environment (17.0.7) (build 17.0.7+0-b2043.56-10550314)
# Java VM: OpenJDK 64-Bit Server VM (17.0.7+0-b2043.56-10550314, mixed mode, tiered, compressed oops, compressed class ptrs, g1 gc, windows-amd64)
GC Precious Log:
 CPUs: 20 total, 20 available
 Memory: 16003M
 Large Page Support: Disabled
 NUMA Support: Disabled
 Compressed Oops: Enabled (32-bit)
 Heap Region Size: 1M
 Heap Min Capacity: 8M
 Heap Initial Capacity: 252M
 Heap Max Capacity: 2G
 Pre-touch: Disabled
 Parallel Workers: 15
 Concurrent Workers: 4
 Concurrent Refinement Workers: 15
 Periodic GC: Disabled
Heap:
 garbage-first heap   total 263168K, used 172122K [0x0000000080000000, 0x0000000100000000)
  region size 1024K, 4 young (4096K), 4 survivors (4096K)
 Metaspace       used 95332K, committed 96128K, reserved 1179648K
  class space    used 13189K, committed 13568K, reserved 1048576K
GC Heap History (20 events):
Event: 5.622 GC heap after
{Heap after GC invocations=30 (full 0):
 garbage-first heap   total 191488K, used 115582K [0x0000000080000000, 0x0000000100000000)
  region size 1024K, 6 young (6144K), 6 survivors (6144K)
 Metaspace       used 81651K, committed 82432K, reserved 1179648K
  class space    used 11021K, committed 11392K, reserved 1048576K
}
Event: 5.686 GC heap before
{Heap before GC invocations=30 (full 0):
 garbage-first heap   total 191488K, used 127870K [0x0000000080000000, 0x0000000100000000)
  region size 1024K, 19 young (19456K), 6 survivors (6144K)
 Metaspace       used 82458K, committed 83264K, reserved 1179648K
  class space    used 11141K, committed 11520K, reserved 1048576K
}
Event: 5.689 GC heap after
{Heap after GC invocations=31 (full 0):
 garbage-first heap   total 230400K, used 116624K [0x0000000080000000, 0x0000000100000000)
  region size 1024K, 2 young (2048K), 2 survivors (2048K)
 Metaspace       used 82458K, committed 83264K, reserved 1179648K
  class space    used 11141K, committed 11520K, reserved 1048576K
}
Event: 6.107 GC heap before
{Heap before GC invocations=32 (full 0):
 garbage-first heap   total 230400K, used 180112K [0x0000000080000000, 0x0000000100000000)
  region size 1024K, 63 young (64512K), 2 survivors (2048K)
 Metaspace       used 87291K, committed 88064K, reserved 1179648K
  class space    used 12008K, committed 12352K, reserved 1048576K
}
Event: 6.109 GC heap after
{Heap after GC invocations=33 (full 0):
 garbage-first heap   total 230400K, used 118616K [0x0000000080000000, 0x0000000100000000)
  region size 1024K, 4 young (4096K), 4 survivors (4096K)
 Metaspace       used 87291K, committed 88064K, reserved 1179648K
  class space    used 12008K, committed 12352K, reserved 1048576K
}
Event: 6.151 GC heap before
{Heap before GC invocations=33 (full 0):
 garbage-first heap   total 230400K, used 125784K [0x0000000080000000, 0x0000000100000000)
  region size 1024K, 11 young (11264K), 4 survivors (4096K)
 Metaspace       used 87755K, committed 88512K, reserved 1179648K
  class space    used 12079K, committed 12416K, reserved 1048576K
}
Event: 6.153 GC heap after
{Heap after GC invocations=34 (full 0):
 garbage-first heap   total 230400K, used 118249K [0x0000000080000000, 0x0000000100000000)
  region size 1024K, 1 young (1024K), 1 survivors (1024K)
 Metaspace       used 87755K, committed 88512K, reserved 1179648K
  class space    used 12079K, committed 12416K, reserved 1048576K
}
Event: 6.436 GC heap before
{Heap before GC invocations=34 (full 0):
 garbage-first heap   total 230400K, used 149993K [0x0000000080000000, 0x0000000100000000)
  region size 1024K, 33 young (33792K), 1 survivors (1024K)
 Metaspace       used 90640K, committed 91456K, reserved 1179648K
  class space    used 12491K, committed 12864K, reserved 1048576K
}
Event: 6.438 GC heap after
{Heap after GC invocations=35 (full 0):
 garbage-first heap   total 230400K, used 119820K [0x0000000080000000, 0x0000000100000000)
  region size 1024K, 3 young (3072K), 3 survivors (3072K)
 Metaspace       used 90640K, committed 91456K, reserved 1179648K
  class space    used 12491K, committed 12864K, reserved 1048576K
}
Event: 6.775 GC heap before
{Heap before GC invocations=36 (full 0):
 garbage-first heap   total 239616K, used 205836K [0x0000000080000000, 0x0000000100000000)
  region size 1024K, 67 young (68608K), 3 survivors (3072K)
 Metaspace       used 94640K, committed 95360K, reserved 1179648K
  class space    used 13099K, committed 13440K, reserved 1048576K
}
Event: 6.779 GC heap after
{Heap after GC invocations=37 (full 0):
 garbage-first heap   total 239616K, used 149696K [0x0000000080000000, 0x0000000100000000)
  region size 1024K, 9 young (9216K), 9 survivors (9216K)
 Metaspace       used 94640K, committed 95360K, reserved 1179648K
  class space    used 13099K, committed 13440K, reserved 1048576K
}
Event: 6.784 GC heap before
{Heap before GC invocations=37 (full 0):
 garbage-first heap   total 239616K, used 151744K [0x0000000080000000, 0x0000000100000000)
  region size 1024K, 11 young (11264K), 9 survivors (9216K)
 Metaspace       used 94657K, committed 95424K, reserved 1179648K
  class space    used 13099K, committed 13440K, reserved 1048576K
}
Event: 6.787 GC heap after
{Heap after GC invocations=38 (full 0):
 garbage-first heap   total 239616K, used 149478K [0x0000000080000000, 0x0000000100000000)
  region size 1024K, 1 young (1024K), 1 survivors (1024K)
 Metaspace       used 94657K, committed 95424K, reserved 1179648K
  class space    used 13099K, committed 13440K, reserved 1048576K
}
Event: 6.865 GC heap before
{Heap before GC invocations=38 (full 0):
 garbage-first heap   total 239616K, used 157670K [0x0000000080000000, 0x0000000100000000)
  region size 1024K, 10 young (10240K), 1 survivors (1024K)
 Metaspace       used 95299K, committed 96128K, reserved 1179648K
  class space    used 13187K, committed 13568K, reserved 1048576K
}
Event: 6.867 GC heap after
{Heap after GC invocations=39 (full 0):
 garbage-first heap   total 239616K, used 149450K [0x0000000080000000, 0x0000000100000000)
  region size 1024K, 1 young (1024K), 1 survivors (1024K)
 Metaspace       used 95299K, committed 96128K, reserved 1179648K
  class space    used 13187K, committed 13568K, reserved 1048576K
}
Event: 6.998 GC heap before
{Heap before GC invocations=40 (full 0):
 garbage-first heap   total 263168K, used 205770K [0x0000000080000000, 0x0000000100000000)
  region size 1024K, 52 young (53248K), 1 survivors (1024K)
 Metaspace       used 95308K, committed 96128K, reserved 1179648K
  class space    used 13189K, committed 13568K, reserved 1048576K
}
Event: 7.003 GC heap after
{Heap after GC invocations=41 (full 0):
 garbage-first heap   total 263168K, used 168545K [0x0000000080000000, 0x0000000100000000)
  region size 1024K, 7 young (7168K), 7 survivors (7168K)
 Metaspace       used 95308K, committed 96128K, reserved 1179648K
  class space    used 13189K, committed 13568K, reserved 1048576K
}
Event: 7.025 GC heap before
{Heap before GC invocations=41 (full 0):
 garbage-first heap   total 263168K, used 172641K [0x0000000080000000, 0x0000000100000000)
  region size 1024K, 12 young (12288K), 7 survivors (7168K)
 Metaspace       used 95326K, committed 96128K, reserved 1179648K
  class space    used 13189K, committed 13568K, reserved 1048576K
}
Event: 7.027 GC heap after
{Heap after GC invocations=42 (full 0):
 garbage-first heap   total 263168K, used 170124K [0x0000000080000000, 0x0000000100000000)
  region size 1024K, 2 young (2048K), 2 survivors (2048K)
 Metaspace       used 95326K, committed 96128K, reserved 1179648K
  class space    used 13189K, committed 13568K, reserved 1048576K
}
Event: 7.153 GC heap before
{Heap before GC invocations=42 (full 0):
 garbage-first heap   total 263168K, used 213132K [0x0000000080000000, 0x0000000100000000)
  region size 1024K, 44 young (45056K), 2 survivors (2048K)
 Metaspace       used 95332K, committed 96128K, reserved 1179648K
  class space    used 13189K, committed 13568K, reserved 1048576K
}

